<?xml version="1.0" encoding="UTF-8"?>
<coverage generated="1621845486206" clover="3.2.0">
  <project timestamp="1621845486206" name="All files">
    <metrics statements="481" coveredstatements="332" conditionals="239" coveredconditionals="166" methods="222" coveredmethods="146" elements="942" coveredelements="644" complexity="0" loc="481" ncloc="481" packages="31" files="49" classes="49"/>
    <package name="src">
      <metrics statements="87" coveredstatements="41" conditionals="52" coveredconditionals="25" methods="40" coveredmethods="20"/>
      <file name="Dash.tsx" path="C:\Users\Arnaud\Projets\Dash-Web\src\Dash.tsx">
        <metrics statements="53" coveredstatements="37" conditionals="29" coveredconditionals="22" methods="25" coveredmethods="19"/>
        <line num="39" count="120" type="stmt"/>
        <line num="40" count="118" type="stmt"/>
        <line num="41" count="118" type="stmt"/>
        <line num="43" count="166" type="stmt"/>
        <line num="44" count="118" type="stmt"/>
        <line num="47" count="20" type="stmt"/>
        <line num="49" count="19" type="stmt"/>
        <line num="52" count="19" type="cond" truecount="3" falsecount="1"/>
        <line num="53" count="0" type="stmt"/>
        <line num="55" count="19" type="stmt"/>
        <line num="56" count="19" type="stmt"/>
        <line num="59" count="0" type="stmt"/>
        <line num="64" count="17" type="cond" truecount="2" falsecount="0"/>
        <line num="65" count="6" type="stmt"/>
        <line num="70" count="3" type="stmt"/>
        <line num="71" count="3" type="stmt"/>
        <line num="72" count="2" type="stmt"/>
        <line num="73" count="2" type="stmt"/>
        <line num="74" count="2" type="stmt"/>
        <line num="79" count="206" type="cond" truecount="4" falsecount="0"/>
        <line num="80" count="32" type="stmt"/>
        <line num="82" count="174" type="stmt"/>
        <line num="87" count="32" type="stmt"/>
        <line num="91" count="16" type="cond" truecount="1" falsecount="1"/>
        <line num="92" count="16" type="stmt"/>
        <line num="94" count="16" type="cond" truecount="1" falsecount="1"/>
        <line num="95" count="16" type="stmt"/>
        <line num="96" count="16" type="stmt"/>
        <line num="100" count="0" type="stmt"/>
        <line num="106" count="3" type="stmt"/>
        <line num="107" count="1" type="cond" truecount="1" falsecount="1"/>
        <line num="108" count="0" type="stmt"/>
        <line num="109" count="1" type="cond" truecount="1" falsecount="1"/>
        <line num="110" count="1" type="stmt"/>
        <line num="112" count="0" type="stmt"/>
        <line num="121" count="0" type="stmt"/>
        <line num="122" count="0" type="stmt"/>
        <line num="123" count="0" type="stmt"/>
        <line num="124" count="0" type="stmt"/>
        <line num="128" count="0" type="cond" truecount="0" falsecount="2"/>
        <line num="129" count="0" type="stmt"/>
        <line num="132" count="0" type="stmt"/>
        <line num="137" count="0" type="stmt"/>
        <line num="138" count="0" type="stmt"/>
        <line num="140" count="0" type="stmt"/>
        <line num="141" count="0" type="stmt"/>
        <line num="145" count="118" type="stmt"/>
        <line num="147" count="118" type="stmt"/>
        <line num="184" count="118" type="stmt"/>
        <line num="191" count="206" type="stmt"/>
        <line num="198" count="206" type="stmt"/>
        <line num="208" count="17" type="stmt"/>
        <line num="226" count="206" type="stmt"/>
      </file>
      <file name="index.tsx" path="C:\Users\Arnaud\Projets\Dash-Web\src\index.tsx">
        <metrics statements="2" coveredstatements="2" conditionals="0" coveredconditionals="0" methods="0" coveredmethods="0"/>
        <line num="9" count="19" type="stmt"/>
        <line num="21" count="19" type="stmt"/>
      </file>
      <file name="registerServiceWorker.ts" path="C:\Users\Arnaud\Projets\Dash-Web\src\registerServiceWorker.ts">
        <metrics statements="32" coveredstatements="2" conditionals="23" coveredconditionals="3" methods="15" coveredmethods="1"/>
        <line num="12" count="19" type="stmt"/>
        <line num="23" count="19" type="cond" truecount="2" falsecount="2"/>
        <line num="25" count="0" type="stmt"/>
        <line num="29" count="0" type="cond" truecount="0" falsecount="2"/>
        <line num="33" count="0" type="stmt"/>
        <line num="36" count="0" type="stmt"/>
        <line num="37" count="0" type="stmt"/>
        <line num="39" count="0" type="cond" truecount="0" falsecount="2"/>
        <line num="41" count="0" type="stmt"/>
        <line num="45" count="0" type="stmt"/>
        <line num="46" count="0" type="stmt"/>
        <line num="53" count="0" type="stmt"/>
        <line num="60" count="0" type="stmt"/>
        <line num="63" count="0" type="stmt"/>
        <line num="64" count="0" type="stmt"/>
        <line num="65" count="0" type="cond" truecount="0" falsecount="2"/>
        <line num="66" count="0" type="stmt"/>
        <line num="67" count="0" type="cond" truecount="0" falsecount="2"/>
        <line num="68" count="0" type="cond" truecount="0" falsecount="2"/>
        <line num="73" count="0" type="stmt"/>
        <line num="78" count="0" type="stmt"/>
        <line num="86" count="0" type="stmt"/>
        <line num="92" count="0" type="stmt"/>
        <line num="95" count="0" type="cond" truecount="0" falsecount="2"/>
        <line num="100" count="0" type="stmt"/>
        <line num="101" count="0" type="stmt"/>
        <line num="102" count="0" type="stmt"/>
        <line num="107" count="0" type="stmt"/>
        <line num="111" count="0" type="stmt"/>
        <line num="118" count="0" type="cond" truecount="0" falsecount="2"/>
        <line num="119" count="0" type="stmt"/>
        <line num="120" count="0" type="stmt"/>
      </file>
    </package>
    <package name="src.components.detailComponent">
      <metrics statements="4" coveredstatements="4" conditionals="3" coveredconditionals="3" methods="2" coveredmethods="2"/>
      <file name="ComponentWithDetail.tsx" path="C:\Users\Arnaud\Projets\Dash-Web\src\components\detailComponent\ComponentWithDetail.tsx">
        <metrics statements="4" coveredstatements="4" conditionals="3" coveredconditionals="3" methods="2" coveredmethods="2"/>
        <line num="13" count="365" type="stmt"/>
        <line num="14" count="365" type="stmt"/>
        <line num="15" count="4" type="stmt"/>
        <line num="18" count="365" type="stmt"/>
      </file>
    </package>
    <package name="src.enums">
      <metrics statements="0" coveredstatements="0" conditionals="0" coveredconditionals="0" methods="0" coveredmethods="0"/>
      <file name="ModeEnum.ts" path="C:\Users\Arnaud\Projets\Dash-Web\src\enums\ModeEnum.ts">
        <metrics statements="0" coveredstatements="0" conditionals="0" coveredconditionals="0" methods="0" coveredmethods="0"/>
      </file>
      <file name="WidgetsEnum.ts" path="C:\Users\Arnaud\Projets\Dash-Web\src\enums\WidgetsEnum.ts">
        <metrics statements="0" coveredstatements="0" conditionals="0" coveredconditionals="0" methods="0" coveredmethods="0"/>
      </file>
    </package>
    <package name="src.hooks">
      <metrics statements="13" coveredstatements="6" conditionals="4" coveredconditionals="1" methods="3" coveredmethods="2"/>
      <file name="localStorageHook.ts" path="C:\Users\Arnaud\Projets\Dash-Web\src\hooks\localStorageHook.ts">
        <metrics statements="13" coveredstatements="6" conditionals="4" coveredconditionals="1" methods="3" coveredmethods="2"/>
        <line num="10" count="12" type="stmt"/>
        <line num="11" count="6" type="stmt"/>
        <line num="13" count="6" type="stmt"/>
        <line num="15" count="6" type="cond" truecount="1" falsecount="1"/>
        <line num="18" count="0" type="stmt"/>
        <line num="19" count="0" type="stmt"/>
        <line num="25" count="12" type="stmt"/>
        <line num="26" count="0" type="stmt"/>
        <line num="29" count="0" type="cond" truecount="0" falsecount="2"/>
        <line num="31" count="0" type="stmt"/>
        <line num="33" count="0" type="stmt"/>
        <line num="36" count="0" type="stmt"/>
        <line num="39" count="12" type="stmt"/>
      </file>
    </package>
    <package name="src.model">
      <metrics statements="0" coveredstatements="0" conditionals="0" coveredconditionals="0" methods="0" coveredmethods="0"/>
      <file name="Tab.ts" path="C:\Users\Arnaud\Projets\Dash-Web\src\model\Tab.ts">
        <metrics statements="0" coveredstatements="0" conditionals="0" coveredconditionals="0" methods="0" coveredmethods="0"/>
      </file>
    </package>
    <package name="src.navigation.navDash">
      <metrics statements="8" coveredstatements="8" conditionals="2" coveredconditionals="2" methods="7" coveredmethods="7"/>
      <file name="NavDash.tsx" path="C:\Users\Arnaud\Projets\Dash-Web\src\navigation\navDash\NavDash.tsx">
        <metrics statements="8" coveredstatements="8" conditionals="2" coveredconditionals="2" methods="7" coveredmethods="7"/>
        <line num="13" count="229" type="stmt"/>
        <line num="14" count="229" type="stmt"/>
        <line num="17" count="1" type="stmt"/>
        <line num="21" count="2" type="stmt"/>
        <line num="22" count="2" type="stmt"/>
        <line num="27" count="3" type="stmt"/>
        <line num="30" count="229" type="stmt"/>
        <line num="37" count="18" type="stmt"/>
      </file>
    </package>
    <package name="src.navigation.navbar">
      <metrics statements="3" coveredstatements="3" conditionals="0" coveredconditionals="0" methods="2" coveredmethods="2"/>
      <file name="Navbar.tsx" path="C:\Users\Arnaud\Projets\Dash-Web\src\navigation\navbar\Navbar.tsx">
        <metrics statements="3" coveredstatements="3" conditionals="0" coveredconditionals="0" methods="2" coveredmethods="2"/>
        <line num="8" count="1" type="stmt"/>
        <line num="9" count="2" type="stmt"/>
        <line num="13" count="3" type="stmt"/>
      </file>
    </package>
    <package name="src.pages.store">
      <metrics statements="3" coveredstatements="3" conditionals="2" coveredconditionals="2" methods="2" coveredmethods="2"/>
      <file name="Store.tsx" path="C:\Users\Arnaud\Projets\Dash-Web\src\pages\store\Store.tsx">
        <metrics statements="3" coveredstatements="3" conditionals="2" coveredconditionals="2" methods="2" coveredmethods="2"/>
        <line num="17" count="21" type="stmt"/>
        <line num="18" count="97" type="stmt"/>
        <line num="21" count="970" type="stmt"/>
      </file>
    </package>
    <package name="src.reducers">
      <metrics statements="8" coveredstatements="8" conditionals="3" coveredconditionals="3" methods="2" coveredmethods="2"/>
      <file name="actionTypes.ts" path="C:\Users\Arnaud\Projets\Dash-Web\src\reducers\actionTypes.ts">
        <metrics statements="1" coveredstatements="1" conditionals="0" coveredconditionals="0" methods="0" coveredmethods="0"/>
        <line num="1" count="23" type="stmt"/>
      </file>
      <file name="actions.ts" path="C:\Users\Arnaud\Projets\Dash-Web\src\reducers\actions.ts">
        <metrics statements="2" coveredstatements="2" conditionals="0" coveredconditionals="0" methods="1" coveredmethods="1"/>
        <line num="3" count="21" type="stmt"/>
        <line num="5" count="29" type="stmt"/>
      </file>
      <file name="store.ts" path="C:\Users\Arnaud\Projets\Dash-Web\src\reducers\store.ts">
        <metrics statements="0" coveredstatements="0" conditionals="0" coveredconditionals="0" methods="0" coveredmethods="0"/>
      </file>
      <file name="tabReducer.ts" path="C:\Users\Arnaud\Projets\Dash-Web\src\reducers\tabReducer.ts">
        <metrics statements="5" coveredstatements="5" conditionals="3" coveredconditionals="3" methods="1" coveredmethods="1"/>
        <line num="7" count="23" type="stmt"/>
        <line num="15" count="52" type="cond" truecount="2" falsecount="0"/>
        <line num="17" count="29" type="stmt"/>
        <line num="18" count="29" type="stmt"/>
        <line num="24" count="23" type="stmt"/>
      </file>
    </package>
    <package name="src.services">
      <metrics statements="9" coveredstatements="8" conditionals="0" coveredconditionals="0" methods="7" coveredmethods="6"/>
      <file name="TabService.ts" path="C:\Users\Arnaud\Projets\Dash-Web\src\services\TabService.ts">
        <metrics statements="5" coveredstatements="4" conditionals="0" coveredconditionals="0" methods="4" coveredmethods="3"/>
        <line num="4" count="20" type="stmt"/>
        <line num="9" count="3" type="stmt"/>
        <line num="23" count="2" type="stmt"/>
        <line num="33" count="0" type="stmt"/>
        <line num="43" count="1" type="stmt"/>
      </file>
      <file name="WidgetService.ts" path="C:\Users\Arnaud\Projets\Dash-Web\src\services\WidgetService.ts">
        <metrics statements="4" coveredstatements="4" conditionals="0" coveredconditionals="0" methods="3" coveredmethods="3"/>
        <line num="2" count="24" type="stmt"/>
        <line num="10" count="16" type="stmt"/>
        <line num="23" count="11" type="stmt"/>
        <line num="33" count="5" type="stmt"/>
      </file>
    </package>
    <package name="src.tab">
      <metrics statements="25" coveredstatements="22" conditionals="19" coveredconditionals="17" methods="13" coveredmethods="11"/>
      <file name="TabDash.tsx" path="C:\Users\Arnaud\Projets\Dash-Web\src\tab\TabDash.tsx">
        <metrics statements="25" coveredstatements="22" conditionals="19" coveredconditionals="17" methods="13" coveredmethods="11"/>
        <line num="23" count="260" type="stmt"/>
        <line num="24" count="364" type="stmt"/>
        <line num="27" count="32" type="cond" truecount="5" falsecount="1"/>
        <line num="29" count="8" type="stmt"/>
        <line num="39" count="6" type="stmt"/>
        <line num="49" count="6" type="stmt"/>
        <line num="59" count="4" type="stmt"/>
        <line num="69" count="8" type="stmt"/>
        <line num="79" count="0" type="stmt"/>
        <line num="85" count="5" type="stmt"/>
        <line num="87" count="5" type="cond" truecount="1" falsecount="1"/>
        <line num="88" count="5" type="stmt"/>
        <line num="90" count="5" type="stmt"/>
        <line num="96" count="0" type="stmt"/>
        <line num="100" count="258" type="stmt"/>
        <line num="101" count="106" type="cond" truecount="4" falsecount="0"/>
        <line num="102" count="29" type="stmt"/>
        <line num="104" count="29" type="stmt"/>
        <line num="107" count="29" type="stmt"/>
        <line num="110" count="0" type="stmt"/>
        <line num="115" count="258" type="stmt"/>
        <line num="116" count="58" type="cond" truecount="2" falsecount="0"/>
        <line num="117" count="16" type="stmt"/>
        <line num="121" count="258" type="stmt"/>
        <line num="129" count="32" type="stmt"/>
      </file>
    </package>
    <package name="src.tab_facebook">
      <metrics statements="4" coveredstatements="1" conditionals="0" coveredconditionals="0" methods="3" coveredmethods="0"/>
      <file name="ITab.ts" path="C:\Users\Arnaud\Projets\Dash-Web\src\tab_facebook\ITab.ts">
        <metrics statements="0" coveredstatements="0" conditionals="0" coveredconditionals="0" methods="0" coveredmethods="0"/>
      </file>
      <file name="TabNavigation.tsx" path="C:\Users\Arnaud\Projets\Dash-Web\src\tab_facebook\TabNavigation.tsx">
        <metrics statements="4" coveredstatements="1" conditionals="0" coveredconditionals="0" methods="3" coveredmethods="0"/>
        <line num="10" count="22" type="stmt"/>
        <line num="11" count="0" type="stmt"/>
        <line num="17" count="0" type="stmt"/>
        <line num="26" count="0" type="stmt"/>
      </file>
    </package>
    <package name="src.utils">
      <metrics statements="9" coveredstatements="9" conditionals="5" coveredconditionals="3" methods="3" coveredmethods="3"/>
      <file name="DateUtils.ts" path="C:\Users\Arnaud\Projets\Dash-Web\src\utils\DateUtils.ts">
        <metrics statements="8" coveredstatements="8" conditionals="5" coveredconditionals="3" methods="3" coveredmethods="3"/>
        <line num="2" count="407" type="stmt"/>
        <line num="6" count="8" type="stmt"/>
        <line num="7" count="8" type="stmt"/>
        <line num="11" count="407" type="stmt"/>
        <line num="12" count="407" type="cond" truecount="2" falsecount="0"/>
        <line num="13" count="378" type="stmt"/>
        <line num="15" count="29" type="stmt"/>
        <line num="16" count="29" type="cond" truecount="1" falsecount="1"/>
      </file>
      <file name="LogUtils.ts" path="C:\Users\Arnaud\Projets\Dash-Web\src\utils\LogUtils.ts">
        <metrics statements="1" coveredstatements="1" conditionals="0" coveredconditionals="0" methods="0" coveredmethods="0"/>
        <line num="3" count="26" type="stmt"/>
      </file>
    </package>
    <package name="src.widgets">
      <metrics statements="9" coveredstatements="8" conditionals="10" coveredconditionals="8" methods="6" coveredmethods="5"/>
      <file name="IWidgetConfig.ts" path="C:\Users\Arnaud\Projets\Dash-Web\src\widgets\IWidgetConfig.ts">
        <metrics statements="0" coveredstatements="0" conditionals="0" coveredconditionals="0" methods="0" coveredmethods="0"/>
      </file>
      <file name="Widget.tsx" path="C:\Users\Arnaud\Projets\Dash-Web\src\widgets\Widget.tsx">
        <metrics statements="9" coveredstatements="8" conditionals="10" coveredconditionals="8" methods="6" coveredmethods="5"/>
        <line num="18" count="171" type="stmt"/>
        <line num="20" count="169" type="stmt"/>
        <line num="21" count="139" type="stmt"/>
        <line num="25" count="12" type="cond" truecount="1" falsecount="1"/>
        <line num="26" count="12" type="stmt"/>
        <line num="31" count="1" type="stmt"/>
        <line num="35" count="6" type="stmt"/>
        <line num="38" count="169" type="stmt"/>
        <line num="75" count="0" type="cond" truecount="1" falsecount="1"/>
      </file>
    </package>
    <package name="src.widgets.calendar">
      <metrics statements="23" coveredstatements="21" conditionals="2" coveredconditionals="2" methods="11" coveredmethods="9"/>
      <file name="CalendarWidget.tsx" path="C:\Users\Arnaud\Projets\Dash-Web\src\widgets\calendar\CalendarWidget.tsx">
        <metrics statements="23" coveredstatements="21" conditionals="2" coveredconditionals="2" methods="11" coveredmethods="9"/>
        <line num="26" count="40" type="stmt"/>
        <line num="27" count="40" type="stmt"/>
        <line num="29" count="40" type="stmt"/>
        <line num="32" count="40" type="stmt"/>
        <line num="40" count="40" type="stmt"/>
        <line num="41" count="15" type="stmt"/>
        <line num="45" count="6" type="stmt"/>
        <line num="48" count="6" type="stmt"/>
        <line num="49" count="6" type="stmt"/>
        <line num="52" count="0" type="stmt"/>
        <line num="57" count="17" type="stmt"/>
        <line num="58" count="17" type="stmt"/>
        <line num="59" count="10" type="stmt"/>
        <line num="62" count="10" type="stmt"/>
        <line num="63" count="10" type="stmt"/>
        <line num="64" count="10" type="stmt"/>
        <line num="65" count="656" type="stmt"/>
        <line num="66" count="656" type="stmt"/>
        <line num="72" count="656" type="stmt"/>
        <line num="77" count="0" type="stmt"/>
        <line num="82" count="40" type="stmt"/>
        <line num="85" count="40" type="stmt"/>
        <line num="100" count="40" type="stmt"/>
      </file>
    </package>
    <package name="src.widgets.calendar.emptyWidget">
      <metrics statements="12" coveredstatements="12" conditionals="8" coveredconditionals="8" methods="9" coveredmethods="9"/>
      <file name="EmptyCalendarWidget.tsx" path="C:\Users\Arnaud\Projets\Dash-Web\src\widgets\calendar\emptyWidget\EmptyCalendarWidget.tsx">
        <metrics statements="12" coveredstatements="12" conditionals="8" coveredconditionals="8" methods="9" coveredmethods="9"/>
        <line num="11" count="444" type="stmt"/>
        <line num="14" count="444" type="stmt"/>
        <line num="15" count="6" type="stmt"/>
        <line num="18" count="444" type="stmt"/>
        <line num="19" count="426" type="stmt"/>
        <line num="21" count="636" type="cond" truecount="2" falsecount="0"/>
        <line num="26" count="444" type="stmt"/>
        <line num="27" count="4" type="stmt"/>
        <line num="31" count="4" type="stmt"/>
        <line num="34" count="444" type="stmt"/>
        <line num="39" count="658" type="stmt"/>
        <line num="47" count="2" type="stmt"/>
      </file>
    </package>
    <package name="src.widgets.facebook">
      <metrics statements="59" coveredstatements="30" conditionals="23" coveredconditionals="13" methods="19" coveredmethods="7"/>
      <file name="FacebookAPI.ts" path="C:\Users\Arnaud\Projets\Dash-Web\src\widgets\facebook\FacebookAPI.ts">
        <metrics statements="12" coveredstatements="0" conditionals="4" coveredconditionals="0" methods="6" coveredmethods="0"/>
        <line num="11" count="0" type="stmt"/>
        <line num="12" count="0" type="stmt"/>
        <line num="13" count="0" type="stmt"/>
        <line num="19" count="0" type="cond" truecount="0" falsecount="2"/>
        <line num="20" count="0" type="stmt"/>
        <line num="22" count="0" type="stmt"/>
        <line num="30" count="0" type="stmt"/>
        <line num="31" count="0" type="stmt"/>
        <line num="32" count="0" type="stmt"/>
        <line num="39" count="0" type="cond" truecount="0" falsecount="2"/>
        <line num="40" count="0" type="stmt"/>
        <line num="42" count="0" type="stmt"/>
      </file>
      <file name="FacebookWidget.tsx" path="C:\Users\Arnaud\Projets\Dash-Web\src\widgets\facebook\FacebookWidget.tsx">
        <metrics statements="47" coveredstatements="30" conditionals="19" coveredconditionals="13" methods="13" coveredmethods="7"/>
        <line num="22" count="22" type="stmt"/>
        <line num="37" count="43" type="stmt"/>
        <line num="38" count="43" type="stmt"/>
        <line num="39" count="17" type="stmt"/>
        <line num="46" count="17" type="stmt"/>
        <line num="47" count="17" type="stmt"/>
        <line num="49" count="43" type="stmt"/>
        <line num="50" count="43" type="stmt"/>
        <line num="51" count="43" type="stmt"/>
        <line num="52" count="43" type="cond" truecount="2" falsecount="0"/>
        <line num="53" count="21" type="stmt"/>
        <line num="55" count="22" type="stmt"/>
        <line num="56" count="22" type="stmt"/>
        <line num="57" count="22" type="stmt"/>
        <line num="58" count="22" type="cond" truecount="4" falsecount="0"/>
        <line num="59" count="19" type="stmt"/>
        <line num="62" count="43" type="stmt"/>
        <line num="66" count="3" type="stmt"/>
        <line num="69" count="43" type="stmt"/>
        <line num="70" count="36" type="stmt"/>
        <line num="76" count="43" type="stmt"/>
        <line num="77" count="0" type="stmt"/>
        <line num="78" count="0" type="stmt"/>
        <line num="79" count="0" type="stmt"/>
        <line num="80" count="0" type="stmt"/>
        <line num="81" count="0" type="cond" truecount="0" falsecount="2"/>
        <line num="82" count="0" type="stmt"/>
        <line num="90" count="43" type="stmt"/>
        <line num="91" count="0" type="stmt"/>
        <line num="92" count="0" type="stmt"/>
        <line num="93" count="0" type="stmt"/>
        <line num="97" count="43" type="stmt"/>
        <line num="98" count="36" type="stmt"/>
        <line num="99" count="36" type="stmt"/>
        <line num="100" count="36" type="cond" truecount="1" falsecount="1"/>
        <line num="101" count="0" type="stmt"/>
        <line num="102" count="0" type="stmt"/>
        <line num="104" count="0" type="stmt"/>
        <line num="105" count="0" type="stmt"/>
        <line num="106" count="0" type="stmt"/>
        <line num="109" count="0" type="stmt"/>
        <line num="115" count="295" type="stmt"/>
        <line num="116" count="295" type="cond" truecount="1" falsecount="1"/>
        <line num="122" count="0" type="stmt"/>
        <line num="123" count="0" type="stmt"/>
        <line num="132" count="295" type="stmt"/>
        <line num="143" count="295" type="stmt"/>
      </file>
      <file name="IFBUser.ts" path="C:\Users\Arnaud\Projets\Dash-Web\src\widgets\facebook\IFBUser.ts">
        <metrics statements="0" coveredstatements="0" conditionals="0" coveredconditionals="0" methods="0" coveredmethods="0"/>
      </file>
    </package>
    <package name="src.widgets.facebook.events">
      <metrics statements="3" coveredstatements="0" conditionals="0" coveredconditionals="0" methods="2" coveredmethods="0"/>
      <file name="EventsTab.tsx" path="C:\Users\Arnaud\Projets\Dash-Web\src\widgets\facebook\events\EventsTab.tsx">
        <metrics statements="3" coveredstatements="0" conditionals="0" coveredconditionals="0" methods="2" coveredmethods="0"/>
        <line num="6" count="0" type="stmt"/>
        <line num="7" count="0" type="stmt"/>
        <line num="10" count="0" type="stmt"/>
      </file>
      <file name="IEvent.ts" path="C:\Users\Arnaud\Projets\Dash-Web\src\widgets\facebook\events\IEvent.ts">
        <metrics statements="0" coveredstatements="0" conditionals="0" coveredconditionals="0" methods="0" coveredmethods="0"/>
      </file>
    </package>
    <package name="src.widgets.facebook.groups">
      <metrics statements="5" coveredstatements="0" conditionals="0" coveredconditionals="0" methods="4" coveredmethods="0"/>
      <file name="GroupsTab.tsx" path="C:\Users\Arnaud\Projets\Dash-Web\src\widgets\facebook\groups\GroupsTab.tsx">
        <metrics statements="5" coveredstatements="0" conditionals="0" coveredconditionals="0" methods="4" coveredmethods="0"/>
        <line num="8" count="0" type="stmt"/>
        <line num="9" count="0" type="stmt"/>
        <line num="11" count="0" type="stmt"/>
        <line num="14" count="0" type="stmt"/>
        <line num="18" count="0" type="stmt"/>
      </file>
      <file name="IGroup.ts" path="C:\Users\Arnaud\Projets\Dash-Web\src\widgets\facebook\groups\IGroup.ts">
        <metrics statements="0" coveredstatements="0" conditionals="0" coveredconditionals="0" methods="0" coveredmethods="0"/>
      </file>
    </package>
    <package name="src.widgets.rss">
      <metrics statements="31" coveredstatements="29" conditionals="9" coveredconditionals="8" methods="12" coveredmethods="10"/>
      <file name="RSSWidget.tsx" path="C:\Users\Arnaud\Projets\Dash-Web\src\widgets\rss\RSSWidget.tsx">
        <metrics statements="31" coveredstatements="29" conditionals="9" coveredconditionals="8" methods="12" coveredmethods="10"/>
        <line num="21" count="33" type="stmt"/>
        <line num="22" count="31" type="stmt"/>
        <line num="23" count="31" type="stmt"/>
        <line num="24" count="31" type="stmt"/>
        <line num="25" count="31" type="stmt"/>
        <line num="26" count="31" type="stmt"/>
        <line num="27" count="31" type="stmt"/>
        <line num="30" count="10" type="cond" truecount="2" falsecount="0"/>
        <line num="31" count="5" type="stmt"/>
        <line num="34" count="4" type="stmt"/>
        <line num="35" count="4" type="stmt"/>
        <line num="36" count="4" type="stmt"/>
        <line num="37" count="4" type="stmt"/>
        <line num="38" count="4" type="stmt"/>
        <line num="39" count="4" type="stmt"/>
        <line num="42" count="0" type="stmt"/>
        <line num="47" count="31" type="stmt"/>
        <line num="48" count="6" type="stmt"/>
        <line num="52" count="4" type="stmt"/>
        <line num="53" count="4" type="stmt"/>
        <line num="57" count="2" type="stmt"/>
        <line num="59" count="2" type="stmt"/>
        <line num="60" count="2" type="stmt"/>
        <line num="63" count="0" type="stmt"/>
        <line num="68" count="280" type="cond" truecount="1" falsecount="1"/>
        <line num="74" count="280" type="stmt"/>
        <line num="78" count="25" type="stmt"/>
        <line num="79" count="280" type="stmt"/>
        <line num="91" count="31" type="stmt"/>
        <line num="104" count="31" type="stmt"/>
        <line num="114" count="31" type="stmt"/>
      </file>
    </package>
    <package name="src.widgets.rss.article">
      <metrics statements="5" coveredstatements="5" conditionals="11" coveredconditionals="10" methods="2" coveredmethods="2"/>
      <file name="IArticle.ts" path="C:\Users\Arnaud\Projets\Dash-Web\src\widgets\rss\article\IArticle.ts">
        <metrics statements="0" coveredstatements="0" conditionals="0" coveredconditionals="0" methods="0" coveredmethods="0"/>
      </file>
      <file name="RSSArticle.tsx" path="C:\Users\Arnaud\Projets\Dash-Web\src\widgets\rss\article\RSSArticle.tsx">
        <metrics statements="5" coveredstatements="5" conditionals="11" coveredconditionals="10" methods="2" coveredmethods="2"/>
        <line num="7" count="9" type="stmt"/>
        <line num="8" count="9" type="cond" truecount="2" falsecount="0"/>
        <line num="9" count="9" type="cond" truecount="3" falsecount="0"/>
        <line num="12" count="23" type="stmt"/>
        <line num="13" count="8" type="stmt"/>
      </file>
    </package>
    <package name="src.widgets.rss.emptyWidget">
      <metrics statements="7" coveredstatements="7" conditionals="4" coveredconditionals="3" methods="3" coveredmethods="3"/>
      <file name="EmptyRSSWidget.tsx" path="C:\Users\Arnaud\Projets\Dash-Web\src\widgets\rss\emptyWidget\EmptyRSSWidget.tsx">
        <metrics statements="7" coveredstatements="7" conditionals="4" coveredconditionals="3" methods="3" coveredmethods="3"/>
        <line num="11" count="102" type="stmt"/>
        <line num="12" count="100" type="stmt"/>
        <line num="13" count="96" type="stmt"/>
        <line num="14" count="100" type="stmt"/>
        <line num="15" count="2" type="cond" truecount="1" falsecount="1"/>
        <line num="16" count="2" type="stmt"/>
        <line num="20" count="100" type="stmt"/>
      </file>
    </package>
    <package name="src.widgets.steam">
      <metrics statements="21" coveredstatements="19" conditionals="2" coveredconditionals="2" methods="11" coveredmethods="9"/>
      <file name="IGameInfo.ts" path="C:\Users\Arnaud\Projets\Dash-Web\src\widgets\steam\IGameInfo.ts">
        <metrics statements="0" coveredstatements="0" conditionals="0" coveredconditionals="0" methods="0" coveredmethods="0"/>
      </file>
      <file name="SteamWidget.tsx" path="C:\Users\Arnaud\Projets\Dash-Web\src\widgets\steam\SteamWidget.tsx">
        <metrics statements="21" coveredstatements="19" conditionals="2" coveredconditionals="2" methods="11" coveredmethods="9"/>
        <line num="23" count="20" type="stmt"/>
        <line num="24" count="20" type="stmt"/>
        <line num="26" count="20" type="stmt"/>
        <line num="27" count="20" type="stmt"/>
        <line num="28" count="20" type="stmt"/>
        <line num="29" count="20" type="stmt"/>
        <line num="30" count="20" type="stmt"/>
        <line num="32" count="20" type="stmt"/>
        <line num="33" count="4" type="stmt"/>
        <line num="37" count="7" type="stmt"/>
        <line num="38" count="7" type="stmt"/>
        <line num="42" count="7" type="stmt"/>
        <line num="49" count="6" type="stmt"/>
        <line num="52" count="0" type="stmt"/>
        <line num="57" count="7" type="stmt"/>
        <line num="63" count="138" type="stmt"/>
        <line num="66" count="0" type="stmt"/>
        <line num="71" count="20" type="stmt"/>
        <line num="80" count="20" type="stmt"/>
        <line num="82" count="120" type="stmt"/>
        <line num="105" count="20" type="stmt"/>
      </file>
    </package>
    <package name="src.widgets.steam.details">
      <metrics statements="12" coveredstatements="12" conditionals="6" coveredconditionals="5" methods="4" coveredmethods="4"/>
      <file name="GameDetails.tsx" path="C:\Users\Arnaud\Projets\Dash-Web\src\widgets\steam\details\GameDetails.tsx">
        <metrics statements="12" coveredstatements="12" conditionals="6" coveredconditionals="5" methods="4" coveredmethods="4"/>
        <line num="13" count="10" type="stmt"/>
        <line num="14" count="10" type="stmt"/>
        <line num="15" count="10" type="stmt"/>
        <line num="16" count="10" type="stmt"/>
        <line num="17" count="10" type="stmt"/>
        <line num="18" count="10" type="stmt"/>
        <line num="20" count="10" type="stmt"/>
        <line num="21" count="2" type="stmt"/>
        <line num="27" count="2" type="cond" truecount="1" falsecount="1"/>
        <line num="28" count="2" type="stmt"/>
        <line num="29" count="46" type="stmt"/>
        <line num="35" count="10" type="stmt"/>
      </file>
    </package>
    <package name="src.widgets.strava">
      <metrics statements="59" coveredstatements="19" conditionals="32" coveredconditionals="10" methods="24" coveredmethods="4"/>
      <file name="IStrava.ts" path="C:\Users\Arnaud\Projets\Dash-Web\src\widgets\strava\IStrava.ts">
        <metrics statements="0" coveredstatements="0" conditionals="0" coveredconditionals="0" methods="0" coveredmethods="0"/>
      </file>
      <file name="StravaWidget.tsx" path="C:\Users\Arnaud\Projets\Dash-Web\src\widgets\strava\StravaWidget.tsx">
        <metrics statements="59" coveredstatements="19" conditionals="32" coveredconditionals="10" methods="24" coveredmethods="4"/>
        <line num="23" count="4" type="stmt"/>
        <line num="24" count="4" type="stmt"/>
        <line num="25" count="4" type="stmt"/>
        <line num="26" count="4" type="stmt"/>
        <line num="30" count="4" type="stmt"/>
        <line num="34" count="4" type="stmt"/>
        <line num="36" count="4" type="stmt"/>
        <line num="38" count="4" type="stmt"/>
        <line num="39" count="2" type="stmt"/>
        <line num="40" count="2" type="cond" truecount="3" falsecount="1"/>
        <line num="41" count="0" type="stmt"/>
        <line num="42" count="0" type="stmt"/>
        <line num="44" count="2" type="cond" truecount="1" falsecount="1"/>
        <line num="49" count="2" type="stmt"/>
        <line num="53" count="4" type="stmt"/>
        <line num="54" count="2" type="cond" truecount="1" falsecount="1"/>
        <line num="55" count="0" type="stmt"/>
        <line num="60" count="0" type="stmt"/>
        <line num="61" count="0" type="stmt"/>
        <line num="62" count="0" type="stmt"/>
        <line num="66" count="0" type="stmt"/>
        <line num="74" count="0" type="stmt"/>
        <line num="75" count="0" type="stmt"/>
        <line num="76" count="0" type="stmt"/>
        <line num="77" count="0" type="stmt"/>
        <line num="80" count="0" type="stmt"/>
        <line num="85" count="2" type="cond" truecount="1" falsecount="1"/>
        <line num="86" count="0" type="stmt"/>
        <line num="94" count="0" type="stmt"/>
        <line num="95" count="0" type="stmt"/>
        <line num="96" count="0" type="stmt"/>
        <line num="97" count="0" type="stmt"/>
        <line num="100" count="0" type="stmt"/>
        <line num="103" count="2" type="stmt"/>
        <line num="108" count="0" type="cond" truecount="0" falsecount="2"/>
        <line num="109" count="0" type="stmt"/>
        <line num="114" count="0" type="stmt"/>
        <line num="117" count="0" type="stmt"/>
        <line num="123" count="0" type="cond" truecount="0" falsecount="2"/>
        <line num="128" count="0" type="stmt"/>
        <line num="134" count="0" type="stmt"/>
        <line num="137" count="0" type="stmt"/>
        <line num="140" count="0" type="stmt"/>
        <line num="145" count="0" type="stmt"/>
        <line num="146" count="0" type="stmt"/>
        <line num="147" count="0" type="cond" truecount="0" falsecount="2"/>
        <line num="148" count="0" type="stmt"/>
        <line num="150" count="0" type="stmt"/>
        <line num="153" count="0" type="stmt"/>
        <line num="158" count="0" type="stmt"/>
        <line num="159" count="0" type="stmt"/>
        <line num="160" count="0" type="stmt"/>
        <line num="164" count="0" type="stmt"/>
        <line num="172" count="4" type="stmt"/>
        <line num="181" count="4" type="stmt"/>
        <line num="189" count="0" type="stmt"/>
        <line num="209" count="0" type="stmt"/>
        <line num="223" count="0" type="stmt"/>
        <line num="264" count="4" type="stmt"/>
      </file>
    </package>
    <package name="src.widgets.strava.activity">
      <metrics statements="1" coveredstatements="0" conditionals="0" coveredconditionals="0" methods="1" coveredmethods="0"/>
      <file name="StravaActivity.tsx" path="C:\Users\Arnaud\Projets\Dash-Web\src\widgets\strava\activity\StravaActivity.tsx">
        <metrics statements="1" coveredstatements="0" conditionals="0" coveredconditionals="0" methods="1" coveredmethods="0"/>
        <line num="6" count="0" type="stmt"/>
      </file>
    </package>
    <package name="src.widgets.utils">
      <metrics statements="3" coveredstatements="3" conditionals="0" coveredconditionals="0" methods="2" coveredmethods="2"/>
      <file name="DeleteWidget.tsx" path="C:\Users\Arnaud\Projets\Dash-Web\src\widgets\utils\DeleteWidget.tsx">
        <metrics statements="3" coveredstatements="3" conditionals="0" coveredconditionals="0" methods="2" coveredmethods="2"/>
        <line num="10" count="6" type="stmt"/>
        <line num="11" count="5" type="stmt"/>
        <line num="14" count="6" type="stmt"/>
      </file>
    </package>
    <package name="src.widgets.utils.circular-progress">
      <metrics statements="3" coveredstatements="3" conditionals="4" coveredconditionals="4" methods="2" coveredmethods="2"/>
      <file name="CircularProgressBar.tsx" path="C:\Users\Arnaud\Projets\Dash-Web\src\widgets\utils\circular-progress\CircularProgressBar.tsx">
        <metrics statements="3" coveredstatements="3" conditionals="4" coveredconditionals="4" methods="2" coveredmethods="2"/>
        <line num="4" count="4" type="stmt"/>
        <line num="11" count="21" type="stmt"/>
        <line num="13" count="4" type="stmt"/>
      </file>
    </package>
    <package name="src.widgets.weather">
      <metrics statements="47" coveredstatements="43" conditionals="34" coveredconditionals="33" methods="22" coveredmethods="19"/>
      <file name="IWeather.ts" path="C:\Users\Arnaud\Projets\Dash-Web\src\widgets\weather\IWeather.ts">
        <metrics statements="0" coveredstatements="0" conditionals="0" coveredconditionals="0" methods="0" coveredmethods="0"/>
      </file>
      <file name="WeatherWidget.tsx" path="C:\Users\Arnaud\Projets\Dash-Web\src\widgets\weather\WeatherWidget.tsx">
        <metrics statements="47" coveredstatements="43" conditionals="34" coveredconditionals="33" methods="22" coveredmethods="19"/>
        <line num="33" count="52" type="stmt"/>
        <line num="34" count="52" type="stmt"/>
        <line num="35" count="52" type="stmt"/>
        <line num="36" count="52" type="stmt"/>
        <line num="38" count="52" type="stmt"/>
        <line num="39" count="52" type="stmt"/>
        <line num="40" count="52" type="stmt"/>
        <line num="41" count="52" type="stmt"/>
        <line num="42" count="52" type="stmt"/>
        <line num="45" count="17" type="cond" truecount="2" falsecount="0"/>
        <line num="46" count="9" type="stmt"/>
        <line num="53" count="9" type="stmt"/>
        <line num="56" count="0" type="stmt"/>
        <line num="58" count="9" type="stmt"/>
        <line num="65" count="9" type="stmt"/>
        <line num="66" count="9" type="stmt"/>
        <line num="69" count="0" type="stmt"/>
        <line num="74" count="52" type="stmt"/>
        <line num="75" count="10" type="stmt"/>
        <line num="79" count="7" type="stmt"/>
        <line num="80" count="7" type="stmt"/>
        <line num="81" count="7" type="stmt"/>
        <line num="82" count="7" type="stmt"/>
        <line num="86" count="3" type="stmt"/>
        <line num="90" count="3" type="stmt"/>
        <line num="91" count="3" type="stmt"/>
        <line num="94" count="0" type="stmt"/>
        <line num="99" count="52" type="cond" truecount="3" falsecount="1"/>
        <line num="100" count="52" type="cond" truecount="4" falsecount="0"/>
        <line num="102" count="8" type="stmt"/>
        <line num="104" count="320" type="stmt"/>
        <line num="108" count="320" type="stmt"/>
        <line num="113" count="320" type="cond" truecount="2" falsecount="0"/>
        <line num="117" count="1440" type="cond" truecount="2" falsecount="0"/>
        <line num="121" count="0" type="stmt"/>
        <line num="126" count="2" type="stmt"/>
        <line num="130" count="2" type="stmt"/>
        <line num="134" count="2" type="stmt"/>
        <line num="137" count="52" type="stmt"/>
        <line num="140" count="52" type="stmt"/>
        <line num="204" count="73" type="cond" truecount="4" falsecount="0"/>
        <line num="205" count="63" type="stmt"/>
        <line num="207" count="10" type="stmt"/>
        <line num="217" count="73" type="stmt"/>
        <line num="223" count="73" type="stmt"/>
        <line num="235" count="73" type="stmt"/>
        <line num="247" count="52" type="stmt"/>
      </file>
    </package>
    <package name="src.widgets.weather.emptyWidget">
      <metrics statements="6" coveredstatements="6" conditionals="4" coveredconditionals="4" methods="3" coveredmethods="3"/>
      <file name="EmptyWeatherWidget.tsx" path="C:\Users\Arnaud\Projets\Dash-Web\src\widgets\weather\emptyWidget\EmptyWeatherWidget.tsx">
        <metrics statements="6" coveredstatements="6" conditionals="4" coveredconditionals="4" methods="3" coveredmethods="3"/>
        <line num="11" count="22" type="cond" truecount="2" falsecount="0"/>
        <line num="12" count="22" type="stmt"/>
        <line num="13" count="15" type="stmt"/>
        <line num="14" count="22" type="stmt"/>
        <line num="15" count="3" type="stmt"/>
        <line num="18" count="22" type="stmt"/>
      </file>
    </package>
    <package name="src.widgets.weather.forecast">
      <metrics statements="2" coveredstatements="2" conditionals="0" coveredconditionals="0" methods="1" coveredmethods="1"/>
      <file name="Forecast.tsx" path="C:\Users\Arnaud\Projets\Dash-Web\src\widgets\weather\forecast\Forecast.tsx">
        <metrics statements="2" coveredstatements="2" conditionals="0" coveredconditionals="0" methods="1" coveredmethods="1"/>
        <line num="9" count="22" type="stmt"/>
        <line num="10" count="78" type="stmt"/>
      </file>
    </package>
  </project>
</coverage>
