TN:
SF:src\Dash.tsx
FN:38,Dash
FN:43,(anonymous_1)
FN:46,initDashboard
FN:48,(anonymous_3)
FN:51,(anonymous_4)
FN:58,(anonymous_5)
FN:63,toggleTab
FN:69,addNewTab
FN:71,(anonymous_8)
FN:78,getNewWidget
FN:86,toggleModal
FN:90,onWidgetAdded
FN:93,(anonymous_12)
FN:99,(anonymous_13)
FN:105,onTabDeleted
FN:106,(anonymous_15)
FN:116,reorder
FN:127,onDragEnd
FN:136,(anonymous_18)
FN:140,(anonymous_19)
FN:183,(anonymous_20)
FN:190,(anonymous_21)
FN:197,(anonymous_22)
FN:208,(anonymous_23)
FN:225,(anonymous_24)
FNF:25
FNH:19
FNDA:120,Dash
FNDA:166,(anonymous_1)
FNDA:20,initDashboard
FNDA:19,(anonymous_3)
FNDA:19,(anonymous_4)
FNDA:0,(anonymous_5)
FNDA:17,toggleTab
FNDA:3,addNewTab
FNDA:2,(anonymous_8)
FNDA:206,getNewWidget
FNDA:32,toggleModal
FNDA:16,onWidgetAdded
FNDA:16,(anonymous_12)
FNDA:0,(anonymous_13)
FNDA:1,onTabDeleted
FNDA:3,(anonymous_15)
FNDA:0,reorder
FNDA:0,onDragEnd
FNDA:0,(anonymous_18)
FNDA:0,(anonymous_19)
FNDA:118,(anonymous_20)
FNDA:206,(anonymous_21)
FNDA:206,(anonymous_22)
FNDA:17,(anonymous_23)
FNDA:206,(anonymous_24)
DA:39,120
DA:40,118
DA:41,118
DA:43,166
DA:44,118
DA:47,20
DA:49,19
DA:52,19
DA:53,0
DA:55,19
DA:56,19
DA:59,0
DA:64,17
DA:65,6
DA:70,3
DA:71,3
DA:72,2
DA:73,2
DA:74,2
DA:79,206
DA:80,32
DA:82,174
DA:87,32
DA:91,16
DA:92,16
DA:94,16
DA:95,16
DA:96,16
DA:100,0
DA:106,3
DA:107,1
DA:108,0
DA:109,1
DA:110,1
DA:112,0
DA:121,0
DA:122,0
DA:123,0
DA:124,0
DA:128,0
DA:129,0
DA:132,0
DA:137,0
DA:138,0
DA:140,0
DA:141,0
DA:145,118
DA:147,118
DA:184,118
DA:191,206
DA:198,206
DA:208,17
DA:226,206
LF:53
LH:37
BRDA:52,0,0,0
BRDA:52,0,1,19
BRDA:52,1,0,19
BRDA:52,1,1,19
BRDA:64,2,0,6
BRDA:64,2,1,11
BRDA:79,3,0,32
BRDA:79,3,1,174
BRDA:79,4,0,206
BRDA:79,4,1,64
BRDA:91,5,0,16
BRDA:91,5,1,0
BRDA:94,6,0,16
BRDA:94,6,1,0
BRDA:107,7,0,0
BRDA:107,7,1,1
BRDA:109,8,0,1
BRDA:109,8,1,0
BRDA:128,9,0,0
BRDA:128,9,1,0
BRDA:151,10,0,118
BRDA:151,10,1,118
BRDA:151,10,2,98
BRDA:189,11,0,118
BRDA:189,11,1,98
BRDA:203,12,0,78
BRDA:203,12,1,128
BRDA:224,13,0,118
BRDA:224,13,1,98
BRF:29
BRH:22
end_of_record
TN:
SF:src\index.tsx
FNF:0
FNH:0
DA:9,19
DA:21,19
LF:2
LH:2
BRF:0
BRH:0
end_of_record
TN:
SF:src\registerServiceWorker.ts
FN:22,register
FN:36,(anonymous_1)
FN:45,(anonymous_2)
FN:59,registerValidSW
FN:62,(anonymous_4)
FN:63,(anonymous_5)
FN:66,(anonymous_6)
FN:85,(anonymous_7)
FN:90,checkValidServiceWorker
FN:93,(anonymous_9)
FN:100,(anonymous_10)
FN:101,(anonymous_11)
FN:110,(anonymous_12)
FN:117,unregister
FN:119,(anonymous_14)
FNF:15
FNH:1
FNDA:19,register
FNDA:0,(anonymous_1)
FNDA:0,(anonymous_2)
FNDA:0,registerValidSW
FNDA:0,(anonymous_4)
FNDA:0,(anonymous_5)
FNDA:0,(anonymous_6)
FNDA:0,(anonymous_7)
FNDA:0,checkValidServiceWorker
FNDA:0,(anonymous_9)
FNDA:0,(anonymous_10)
FNDA:0,(anonymous_11)
FNDA:0,(anonymous_12)
FNDA:0,unregister
FNDA:0,(anonymous_14)
DA:12,19
DA:23,19
DA:25,0
DA:29,0
DA:33,0
DA:36,0
DA:37,0
DA:39,0
DA:41,0
DA:45,0
DA:46,0
DA:53,0
DA:60,0
DA:63,0
DA:64,0
DA:65,0
DA:66,0
DA:67,0
DA:68,0
DA:73,0
DA:78,0
DA:86,0
DA:92,0
DA:95,0
DA:100,0
DA:101,0
DA:102,0
DA:107,0
DA:111,0
DA:118,0
DA:119,0
DA:120,0
LF:32
LH:2
BRDA:13,0,0,19
BRDA:13,0,1,0
BRDA:13,0,2,0
BRDA:23,1,0,0
BRDA:23,1,1,19
BRDA:23,2,0,19
BRDA:23,2,1,0
BRDA:29,3,0,0
BRDA:29,3,1,0
BRDA:39,4,0,0
BRDA:39,4,1,0
BRDA:65,5,0,0
BRDA:65,5,1,0
BRDA:67,6,0,0
BRDA:67,6,1,0
BRDA:68,7,0,0
BRDA:68,7,1,0
BRDA:95,8,0,0
BRDA:95,8,1,0
BRDA:96,9,0,0
BRDA:96,9,1,0
BRDA:118,10,0,0
BRDA:118,10,1,0
BRF:23
BRH:3
end_of_record
TN:
SF:src\components\detailComponent\ComponentWithDetail.tsx
FN:12,ComponentWithDetail
FN:14,(anonymous_1)
FNF:2
FNH:2
FNDA:365,ComponentWithDetail
FNDA:4,(anonymous_1)
DA:13,365
DA:14,365
DA:15,4
DA:18,365
LF:4
LH:4
BRDA:26,0,0,365
BRDA:26,0,1,4
BRDA:26,0,2,4
BRF:3
BRH:3
end_of_record
TN:
SF:src\enums\ModeEnum.ts
FNF:0
FNH:0
LF:0
LH:0
BRF:0
BRH:0
end_of_record
TN:
SF:src\enums\WidgetsEnum.ts
FNF:0
FNH:0
LF:0
LH:0
BRF:0
BRH:0
end_of_record
TN:
SF:src\hooks\localStorageHook.ts
FN:4,useLocalStorage
FN:10,(anonymous_1)
FN:25,(anonymous_2)
FNF:3
FNH:2
FNDA:12,useLocalStorage
FNDA:6,(anonymous_1)
FNDA:0,(anonymous_2)
DA:10,12
DA:11,6
DA:13,6
DA:15,6
DA:18,0
DA:19,0
DA:25,12
DA:26,0
DA:29,0
DA:31,0
DA:33,0
DA:36,0
DA:39,12
LF:13
LH:6
BRDA:15,0,0,0
BRDA:15,0,1,6
BRDA:29,1,0,0
BRDA:29,1,1,0
BRF:4
BRH:1
end_of_record
TN:
SF:src\model\Tab.ts
FNF:0
FNH:0
LF:0
LH:0
BRF:0
BRH:0
end_of_record
TN:
SF:src\navigation\navDash\NavDash.tsx
FN:12,NavDash
FN:16,deleteTabFromDash
FN:17,(anonymous_2)
FN:20,saveTabName
FN:21,(anonymous_4)
FN:26,clickToggle
FN:37,(anonymous_6)
FNF:7
FNH:7
FNDA:229,NavDash
FNDA:1,deleteTabFromDash
FNDA:1,(anonymous_2)
FNDA:2,saveTabName
FNDA:2,(anonymous_4)
FNDA:3,clickToggle
FNDA:18,(anonymous_6)
DA:13,229
DA:14,229
DA:17,1
DA:21,2
DA:22,2
DA:27,3
DA:30,229
DA:37,18
LF:8
LH:8
BRDA:33,0,0,21
BRDA:33,0,1,208
BRF:2
BRH:2
end_of_record
TN:
SF:src\navigation\navbar\Navbar.tsx
FN:8,(anonymous_0)
FN:12,(anonymous_1)
FNF:2
FNH:2
FNDA:2,(anonymous_0)
FNDA:3,(anonymous_1)
DA:8,1
DA:9,2
DA:13,3
LF:3
LH:3
BRF:0
BRH:0
end_of_record
TN:
SF:src\pages\store\Store.tsx
FN:17,(anonymous_0)
FN:20,(anonymous_1)
FNF:2
FNH:2
FNDA:97,(anonymous_0)
FNDA:970,(anonymous_1)
DA:17,21
DA:18,97
DA:21,970
LF:3
LH:3
BRDA:22,0,0,970
BRDA:22,0,1,485
BRF:2
BRH:2
end_of_record
TN:
SF:src\reducers\actionTypes.ts
FNF:0
FNH:0
DA:1,23
LF:1
LH:1
BRF:0
BRH:0
end_of_record
TN:
SF:src\reducers\actions.ts
FN:3,(anonymous_0)
FNF:1
FNH:1
FNDA:29,(anonymous_0)
DA:3,21
DA:5,29
LF:2
LH:2
BRF:0
BRH:0
end_of_record
TN:
SF:src\reducers\store.ts
FNF:0
FNH:0
LF:0
LH:0
BRF:0
BRH:0
end_of_record
TN:
SF:src\reducers\tabReducer.ts
FN:11,(anonymous_0)
FNF:1
FNH:1
FNDA:52,(anonymous_0)
DA:7,23
DA:15,52
DA:17,29
DA:18,29
DA:24,23
LF:5
LH:5
BRDA:12,0,0,23
BRDA:15,1,0,29
BRDA:15,1,1,23
BRF:3
BRH:3
end_of_record
TN:
SF:src\services\TabService.ts
FN:8,addTab
FN:18,updateTab
FN:32,updateTabs
FN:42,deleteTab
FNF:4
FNH:3
FNDA:3,addTab
FNDA:2,updateTab
FNDA:0,updateTabs
FNDA:1,deleteTab
DA:4,20
DA:9,3
DA:23,2
DA:33,0
DA:43,1
LF:5
LH:4
BRF:0
BRH:0
end_of_record
TN:
SF:src\services\WidgetService.ts
FN:6,addWidget
FN:19,updateWidgetData
FN:32,deleteWidget
FNF:3
FNH:3
FNDA:16,addWidget
FNDA:11,updateWidgetData
FNDA:5,deleteWidget
DA:2,24
DA:10,16
DA:23,11
DA:33,5
LF:4
LH:4
BRF:0
BRH:0
end_of_record
TN:
SF:src\tab\TabDash.tsx
FN:22,TabDash
FN:24,(anonymous_1)
FN:26,createWidget
FN:84,deleteWidgetFromDashboard
FN:86,(anonymous_4)
FN:89,(anonymous_5)
FN:95,(anonymous_6)
FN:100,(anonymous_7)
FN:103,(anonymous_8)
FN:106,(anonymous_9)
FN:109,(anonymous_10)
FN:115,(anonymous_11)
FN:128,(anonymous_12)
FNF:13
FNH:11
FNDA:260,TabDash
FNDA:364,(anonymous_1)
FNDA:32,createWidget
FNDA:5,deleteWidgetFromDashboard
FNDA:5,(anonymous_4)
FNDA:5,(anonymous_5)
FNDA:0,(anonymous_6)
FNDA:106,(anonymous_7)
FNDA:29,(anonymous_8)
FNDA:29,(anonymous_9)
FNDA:0,(anonymous_10)
FNDA:58,(anonymous_11)
FNDA:32,(anonymous_12)
DA:23,260
DA:24,364
DA:27,32
DA:29,8
DA:39,6
DA:49,6
DA:59,4
DA:69,8
DA:79,0
DA:85,5
DA:87,5
DA:88,5
DA:90,5
DA:96,0
DA:100,258
DA:101,106
DA:102,29
DA:104,29
DA:107,29
DA:110,0
DA:115,258
DA:116,58
DA:117,16
DA:121,258
DA:129,32
LF:25
LH:22
BRDA:27,0,0,8
BRDA:27,0,1,6
BRDA:27,0,2,6
BRDA:27,0,3,4
BRDA:27,0,4,8
BRDA:27,0,5,0
BRDA:87,1,0,5
BRDA:87,1,1,0
BRDA:101,2,0,29
BRDA:101,2,1,77
BRDA:101,3,0,106
BRDA:101,3,1,106
BRDA:116,4,0,16
BRDA:116,4,1,42
BRDA:119,5,0,258
BRDA:119,5,1,53
BRDA:126,6,0,258
BRDA:126,6,1,258
BRDA:126,6,2,32
BRF:19
BRH:17
end_of_record
TN:
SF:src\tab_facebook\ITab.ts
FNF:0
FNH:0
LF:0
LH:0
BRF:0
BRH:0
end_of_record
TN:
SF:src\tab_facebook\TabNavigation.tsx
FN:10,(anonymous_0)
FN:16,(anonymous_1)
FN:25,(anonymous_2)
FNF:3
FNH:0
FNDA:0,(anonymous_0)
FNDA:0,(anonymous_1)
FNDA:0,(anonymous_2)
DA:10,22
DA:11,0
DA:17,0
DA:26,0
LF:4
LH:1
BRF:0
BRH:0
end_of_record
TN:
SF:src\utils\DateUtils.ts
FN:1,formatDateFromTimestamp
FN:5,formatDateFromUTC
FN:10,adjustTimeWithOffset
FNF:3
FNH:3
FNDA:407,formatDateFromTimestamp
FNDA:8,formatDateFromUTC
FNDA:407,adjustTimeWithOffset
DA:2,407
DA:6,8
DA:7,8
DA:11,407
DA:12,407
DA:13,378
DA:15,29
DA:16,29
LF:8
LH:8
BRDA:1,0,0,0
BRDA:12,1,0,378
BRDA:12,1,1,29
BRDA:16,2,0,29
BRDA:16,2,1,0
BRF:5
BRH:3
end_of_record
TN:
SF:src\utils\LogUtils.ts
FNF:0
FNH:0
DA:3,26
LF:1
LH:1
BRF:0
BRH:0
end_of_record
TN:
SF:src\widgets\IWidgetConfig.ts
FNF:0
FNH:0
LF:0
LH:0
BRF:0
BRH:0
end_of_record
TN:
SF:src\widgets\Widget.tsx
FN:17,Widget
FN:20,(anonymous_1)
FN:24,editWidget
FN:30,cancelDeletion
FN:34,deleteWidget
FN:75,(anonymous_5)
FNF:6
FNH:5
FNDA:171,Widget
FNDA:139,(anonymous_1)
FNDA:12,editWidget
FNDA:1,cancelDeletion
FNDA:6,deleteWidget
FNDA:0,(anonymous_5)
DA:18,171
DA:20,169
DA:21,139
DA:25,12
DA:26,12
DA:31,1
DA:35,6
DA:38,169
DA:75,0
LF:9
LH:8
BRDA:25,0,0,12
BRDA:25,0,1,0
BRDA:40,1,0,140
BRDA:40,1,1,29
BRDA:45,2,0,140
BRDA:45,2,1,116
BRDA:69,3,0,6
BRDA:69,3,1,23
BRDA:75,4,0,23
BRDA:75,4,1,0
BRF:10
BRH:8
end_of_record
TN:
SF:src\widgets\calendar\CalendarWidget.tsx
FN:25,CalendarWidget
FN:40,(anonymous_1)
FN:44,onConfigSubmitted
FN:46,(anonymous_3)
FN:51,(anonymous_4)
FN:56,refreshWidget
FN:58,(anonymous_6)
FN:61,(anonymous_7)
FN:63,(anonymous_8)
FN:64,(anonymous_9)
FN:76,(anonymous_10)
FNF:11
FNH:9
FNDA:40,CalendarWidget
FNDA:15,(anonymous_1)
FNDA:6,onConfigSubmitted
FNDA:6,(anonymous_3)
FNDA:0,(anonymous_4)
FNDA:17,refreshWidget
FNDA:10,(anonymous_6)
FNDA:10,(anonymous_7)
FNDA:10,(anonymous_8)
FNDA:656,(anonymous_9)
FNDA:0,(anonymous_10)
DA:26,40
DA:27,40
DA:29,40
DA:32,40
DA:40,40
DA:41,15
DA:45,6
DA:48,6
DA:49,6
DA:52,0
DA:57,17
DA:58,17
DA:59,10
DA:62,10
DA:63,10
DA:64,10
DA:65,656
DA:66,656
DA:72,656
DA:77,0
DA:82,40
DA:85,40
DA:100,40
LF:23
LH:21
BRDA:70,0,0,656
BRDA:70,0,1,656
BRF:2
BRH:2
end_of_record
TN:
SF:src\widgets\calendar\emptyWidget\EmptyCalendarWidget.tsx
FN:10,EmptyCalendarWidget
FN:14,(anonymous_1)
FN:18,(anonymous_2)
FN:20,(anonymous_3)
FN:26,(anonymous_4)
FN:30,removeCalendarUrl
FN:31,(anonymous_6)
FN:38,(anonymous_7)
FN:47,(anonymous_8)
FNF:9
FNH:9
FNDA:444,EmptyCalendarWidget
FNDA:6,(anonymous_1)
FNDA:426,(anonymous_2)
FNDA:636,(anonymous_3)
FNDA:4,(anonymous_4)
FNDA:2,removeCalendarUrl
FNDA:4,(anonymous_6)
FNDA:658,(anonymous_7)
FNDA:2,(anonymous_8)
DA:11,444
DA:14,444
DA:15,6
DA:18,444
DA:19,426
DA:21,636
DA:26,444
DA:27,4
DA:31,4
DA:34,444
DA:39,658
DA:47,2
LF:12
LH:12
BRDA:12,0,0,444
BRDA:12,0,1,220
BRDA:21,1,0,426
BRDA:21,1,1,210
BRDA:37,2,0,444
BRDA:37,2,1,444
BRDA:58,3,0,444
BRDA:58,3,1,444
BRF:8
BRH:8
end_of_record
TN:
SF:src\widgets\facebook\FacebookAPI.ts
FN:10,getProfileInfo
FN:11,(anonymous_1)
FN:18,(anonymous_2)
FN:29,getGroupsData
FN:30,(anonymous_4)
FN:38,(anonymous_5)
FNF:6
FNH:0
FNDA:0,getProfileInfo
FNDA:0,(anonymous_1)
FNDA:0,(anonymous_2)
FNDA:0,getGroupsData
FNDA:0,(anonymous_4)
FNDA:0,(anonymous_5)
DA:11,0
DA:12,0
DA:13,0
DA:19,0
DA:20,0
DA:22,0
DA:30,0
DA:31,0
DA:32,0
DA:39,0
DA:40,0
DA:42,0
LF:12
LH:0
BRDA:19,0,0,0
BRDA:19,0,1,0
BRDA:39,1,0,0
BRDA:39,1,1,0
BRF:4
BRH:0
end_of_record
TN:
SF:src\widgets\facebook\FacebookWidget.tsx
FN:36,(anonymous_0)
FN:38,(anonymous_1)
FN:49,(anonymous_2)
FN:65,(anonymous_3)
FN:69,(anonymous_4)
FN:76,(anonymous_5)
FN:78,(anonymous_6)
FN:90,(anonymous_7)
FN:91,(anonymous_8)
FN:97,(anonymous_9)
FN:103,(anonymous_10)
FN:108,(anonymous_11)
FN:114,(anonymous_12)
FNF:13
FNH:7
FNDA:43,(anonymous_0)
FNDA:17,(anonymous_1)
FNDA:43,(anonymous_2)
FNDA:3,(anonymous_3)
FNDA:36,(anonymous_4)
FNDA:0,(anonymous_5)
FNDA:0,(anonymous_6)
FNDA:0,(anonymous_7)
FNDA:0,(anonymous_8)
FNDA:36,(anonymous_9)
FNDA:0,(anonymous_10)
FNDA:0,(anonymous_11)
FNDA:295,(anonymous_12)
DA:22,22
DA:37,43
DA:38,43
DA:39,17
DA:46,17
DA:47,17
DA:49,43
DA:50,43
DA:51,43
DA:52,43
DA:53,21
DA:55,22
DA:56,22
DA:57,22
DA:58,22
DA:59,19
DA:62,43
DA:66,3
DA:69,43
DA:70,36
DA:76,43
DA:77,0
DA:78,0
DA:79,0
DA:80,0
DA:81,0
DA:82,0
DA:90,43
DA:91,0
DA:92,0
DA:93,0
DA:97,43
DA:98,36
DA:99,36
DA:100,36
DA:101,0
DA:102,0
DA:104,0
DA:105,0
DA:106,0
DA:109,0
DA:115,295
DA:116,295
DA:122,0
DA:123,0
DA:132,295
DA:143,295
LF:47
LH:30
BRDA:52,0,0,21
BRDA:52,0,1,22
BRDA:58,1,0,19
BRDA:58,1,1,3
BRDA:58,2,0,22
BRDA:58,2,1,19
BRDA:81,3,0,0
BRDA:81,3,1,0
BRDA:100,4,0,0
BRDA:100,4,1,36
BRDA:116,5,0,0
BRDA:116,5,1,295
BRDA:117,6,0,295
BRDA:117,6,1,127
BRDA:117,6,2,127
BRDA:117,6,3,0
BRDA:146,7,0,295
BRDA:146,7,1,127
BRDA:146,7,2,0
BRF:19
BRH:13
end_of_record
TN:
SF:src\widgets\facebook\IFBUser.ts
FNF:0
FNH:0
LF:0
LH:0
BRF:0
BRH:0
end_of_record
TN:
SF:src\widgets\facebook\events\EventsTab.tsx
FN:5,EventsTab
FN:6,(anonymous_1)
FNF:2
FNH:0
FNDA:0,EventsTab
FNDA:0,(anonymous_1)
DA:6,0
DA:7,0
DA:10,0
LF:3
LH:0
BRF:0
BRH:0
end_of_record
TN:
SF:src\widgets\facebook\events\IEvent.ts
FNF:0
FNH:0
LF:0
LH:0
BRF:0
BRH:0
end_of_record
TN:
SF:src\widgets\facebook\groups\GroupsTab.tsx
FN:7,GroupsTab
FN:8,(anonymous_1)
FN:10,(anonymous_2)
FN:13,(anonymous_3)
FNF:4
FNH:0
FNDA:0,GroupsTab
FNDA:0,(anonymous_1)
FNDA:0,(anonymous_2)
FNDA:0,(anonymous_3)
DA:8,0
DA:9,0
DA:11,0
DA:14,0
DA:18,0
LF:5
LH:0
BRF:0
BRH:0
end_of_record
TN:
SF:src\widgets\facebook\groups\IGroup.ts
FNF:0
FNH:0
LF:0
LH:0
BRF:0
BRH:0
end_of_record
TN:
SF:src\widgets\rss\RSSWidget.tsx
FN:20,RSSWidget
FN:29,fetchDataFromRssFeed
FN:33,(anonymous_2)
FN:41,(anonymous_3)
FN:47,(anonymous_4)
FN:51,refreshWidget
FN:56,onUrlSubmitted
FN:58,(anonymous_7)
FN:62,(anonymous_8)
FN:67,formatTitleForArticle
FN:77,getFeedFromRSS
FN:78,(anonymous_11)
FNF:12
FNH:10
FNDA:33,RSSWidget
FNDA:10,fetchDataFromRssFeed
FNDA:4,(anonymous_2)
FNDA:0,(anonymous_3)
FNDA:6,(anonymous_4)
FNDA:4,refreshWidget
FNDA:2,onUrlSubmitted
FNDA:2,(anonymous_7)
FNDA:0,(anonymous_8)
FNDA:280,formatTitleForArticle
FNDA:25,getFeedFromRSS
FNDA:280,(anonymous_11)
DA:21,33
DA:22,31
DA:23,31
DA:24,31
DA:25,31
DA:26,31
DA:27,31
DA:30,10
DA:31,5
DA:34,4
DA:35,4
DA:36,4
DA:37,4
DA:38,4
DA:39,4
DA:42,0
DA:47,31
DA:48,6
DA:52,4
DA:53,4
DA:57,2
DA:59,2
DA:60,2
DA:63,0
DA:68,280
DA:74,280
DA:78,25
DA:79,280
DA:91,31
DA:104,31
DA:114,31
LF:31
LH:29
BRDA:30,0,0,5
BRDA:30,0,1,5
BRDA:68,1,0,280
BRDA:68,1,1,0
BRDA:93,2,0,31
BRDA:93,2,1,16
BRDA:105,3,0,31
BRDA:105,3,1,25
BRDA:105,3,2,25
BRF:9
BRH:8
end_of_record
TN:
SF:src\widgets\rss\article\IArticle.ts
FNF:0
FNH:0
LF:0
LH:0
BRF:0
BRH:0
end_of_record
TN:
SF:src\widgets\rss\article\RSSArticle.tsx
FN:6,stripHtmlFromContent
FN:12,(anonymous_1)
FNF:2
FNH:2
FNDA:9,stripHtmlFromContent
FNDA:8,(anonymous_1)
DA:7,9
DA:8,9
DA:9,9
DA:12,23
DA:13,8
LF:5
LH:5
BRDA:8,0,0,9
BRDA:8,0,1,2
BRDA:9,1,0,9
BRDA:9,1,1,2
BRDA:9,1,2,2
BRDA:19,2,0,8
BRDA:19,2,1,1
BRDA:23,3,0,8
BRDA:23,3,1,0
BRDA:24,4,0,8
BRDA:24,4,1,6
BRF:11
BRH:10
end_of_record
TN:
SF:src\widgets\rss\emptyWidget\EmptyRSSWidget.tsx
FN:10,EmptyRSSWidget
FN:12,(anonymous_1)
FN:14,(anonymous_2)
FNF:3
FNH:3
FNDA:102,EmptyRSSWidget
FNDA:96,(anonymous_1)
FNDA:2,(anonymous_2)
DA:11,102
DA:12,100
DA:13,96
DA:14,100
DA:15,2
DA:16,2
DA:20,100
LF:7
LH:7
BRDA:15,0,0,2
BRDA:15,0,1,0
BRDA:31,1,0,100
BRDA:31,1,1,98
BRF:4
BRH:3
end_of_record
TN:
SF:src\widgets\steam\IGameInfo.ts
FNF:0
FNH:0
LF:0
LH:0
BRF:0
BRH:0
end_of_record
TN:
SF:src\widgets\steam\SteamWidget.tsx
FN:22,SteamWidget
FN:32,(anonymous_1)
FN:36,refreshWidget
FN:41,getPlayerData
FN:48,(anonymous_4)
FN:51,(anonymous_5)
FN:56,getOwnedGames
FN:62,(anonymous_7)
FN:63,(anonymous_8)
FN:65,(anonymous_9)
FN:81,(anonymous_10)
FNF:11
FNH:9
FNDA:20,SteamWidget
FNDA:4,(anonymous_1)
FNDA:7,refreshWidget
FNDA:7,getPlayerData
FNDA:6,(anonymous_4)
FNDA:0,(anonymous_5)
FNDA:7,getOwnedGames
FNDA:6,(anonymous_7)
FNDA:138,(anonymous_8)
FNDA:0,(anonymous_9)
FNDA:120,(anonymous_10)
DA:23,20
DA:24,20
DA:26,20
DA:27,20
DA:28,20
DA:29,20
DA:30,20
DA:32,20
DA:33,4
DA:37,7
DA:38,7
DA:42,7
DA:49,6
DA:52,0
DA:57,7
DA:63,138
DA:66,0
DA:71,20
DA:80,20
DA:82,120
DA:105,20
LF:21
LH:19
BRDA:81,0,0,20
BRDA:81,0,1,12
BRF:2
BRH:2
end_of_record
TN:
SF:src\widgets\steam\details\GameDetails.tsx
FN:12,GameDetails
FN:20,(anonymous_1)
FN:26,(anonymous_2)
FN:29,(anonymous_3)
FNF:4
FNH:4
FNDA:10,GameDetails
FNDA:2,(anonymous_1)
FNDA:2,(anonymous_2)
FNDA:46,(anonymous_3)
DA:13,10
DA:14,10
DA:15,10
DA:16,10
DA:17,10
DA:18,10
DA:20,10
DA:21,2
DA:27,2
DA:28,2
DA:29,46
DA:35,10
LF:12
LH:12
BRDA:27,0,0,2
BRDA:27,0,1,0
BRDA:46,1,0,10
BRDA:46,1,1,10
BRDA:46,1,2,10
BRDA:46,1,3,4
BRF:6
BRH:5
end_of_record
TN:
SF:src\widgets\strava\IStrava.ts
FNF:0
FNH:0
LF:0
LH:0
BRF:0
BRH:0
end_of_record
TN:
SF:src\widgets\strava\StravaWidget.tsx
FN:22,StravaWidget
FN:38,(anonymous_1)
FN:53,(anonymous_2)
FN:59,refreshWidget
FN:65,getToken
FN:73,(anonymous_5)
FN:79,(anonymous_6)
FN:84,refreshTokenFromApi
FN:93,(anonymous_8)
FN:99,(anonymous_9)
FN:107,getAthleteData
FN:113,(anonymous_11)
FN:116,(anonymous_12)
FN:122,getActivities
FN:133,(anonymous_14)
FN:136,(anonymous_15)
FN:144,getActivitiesByMonth
FN:145,(anonymous_17)
FN:157,getStatsFromActivities
FN:159,(anonymous_19)
FN:164,(anonymous_20)
FN:188,(anonymous_21)
FN:209,(anonymous_22)
FN:222,(anonymous_23)
FNF:24
FNH:4
FNDA:4,StravaWidget
FNDA:2,(anonymous_1)
FNDA:2,(anonymous_2)
FNDA:0,refreshWidget
FNDA:0,getToken
FNDA:0,(anonymous_5)
FNDA:0,(anonymous_6)
FNDA:2,refreshTokenFromApi
FNDA:0,(anonymous_8)
FNDA:0,(anonymous_9)
FNDA:0,getAthleteData
FNDA:0,(anonymous_11)
FNDA:0,(anonymous_12)
FNDA:0,getActivities
FNDA:0,(anonymous_14)
FNDA:0,(anonymous_15)
FNDA:0,getActivitiesByMonth
FNDA:0,(anonymous_17)
FNDA:0,getStatsFromActivities
FNDA:0,(anonymous_19)
FNDA:0,(anonymous_20)
FNDA:0,(anonymous_21)
FNDA:0,(anonymous_22)
FNDA:0,(anonymous_23)
DA:23,4
DA:24,4
DA:25,4
DA:26,4
DA:30,4
DA:34,4
DA:36,4
DA:38,4
DA:39,2
DA:40,2
DA:41,0
DA:42,0
DA:44,2
DA:49,2
DA:53,4
DA:54,2
DA:55,0
DA:60,0
DA:61,0
DA:62,0
DA:66,0
DA:74,0
DA:75,0
DA:76,0
DA:77,0
DA:80,0
DA:85,2
DA:86,0
DA:94,0
DA:95,0
DA:96,0
DA:97,0
DA:100,0
DA:103,2
DA:108,0
DA:109,0
DA:114,0
DA:117,0
DA:123,0
DA:128,0
DA:134,0
DA:137,0
DA:140,0
DA:145,0
DA:146,0
DA:147,0
DA:148,0
DA:150,0
DA:153,0
DA:158,0
DA:159,0
DA:160,0
DA:164,0
DA:172,4
DA:181,4
DA:189,0
DA:209,0
DA:223,0
DA:264,4
LF:59
LH:19
BRDA:40,0,0,0
BRDA:40,0,1,2
BRDA:40,1,0,2
BRDA:40,1,1,2
BRDA:44,2,0,2
BRDA:44,2,1,0
BRDA:45,3,0,2
BRDA:45,3,1,0
BRDA:45,3,2,0
BRDA:54,4,0,0
BRDA:54,4,1,2
BRDA:85,5,0,0
BRDA:85,5,1,2
BRDA:108,6,0,0
BRDA:108,6,1,0
BRDA:123,7,0,0
BRDA:123,7,1,0
BRDA:124,8,0,0
BRDA:124,8,1,0
BRDA:124,8,2,0
BRDA:147,9,0,0
BRDA:147,9,1,0
BRDA:182,10,0,4
BRDA:182,10,1,0
BRDA:182,10,2,0
BRDA:182,10,3,0
BRDA:182,10,4,0
BRDA:251,11,0,4
BRDA:251,11,1,0
BRDA:251,11,2,0
BRDA:251,11,3,0
BRDA:251,11,4,4
BRF:32
BRH:10
end_of_record
TN:
SF:src\widgets\strava\activity\StravaActivity.tsx
FN:5,StravaActivity
FNF:1
FNH:0
FNDA:0,StravaActivity
DA:6,0
LF:1
LH:0
BRF:0
BRH:0
end_of_record
TN:
SF:src\widgets\utils\DeleteWidget.tsx
FN:9,DeleteWidget
FN:10,(anonymous_1)
FNF:2
FNH:2
FNDA:6,DeleteWidget
FNDA:5,(anonymous_1)
DA:10,6
DA:11,5
DA:14,6
LF:3
LH:3
BRF:0
BRH:0
end_of_record
TN:
SF:src\widgets\utils\circular-progress\CircularProgressBar.tsx
FN:3,percentageToDegrees
FN:11,(anonymous_1)
FNF:2
FNH:2
FNDA:4,percentageToDegrees
FNDA:4,(anonymous_1)
DA:4,4
DA:11,21
DA:13,4
LF:3
LH:3
BRDA:16,0,0,2
BRDA:16,0,1,2
BRDA:19,1,0,2
BRDA:19,1,1,2
BRF:4
BRH:4
end_of_record
TN:
SF:src\widgets\weather\IWeather.ts
FNF:0
FNH:0
LF:0
LH:0
BRF:0
BRH:0
end_of_record
TN:
SF:src\widgets\weather\WeatherWidget.tsx
FN:32,WeatherWidget
FN:44,fetchDataFromWeatherApi
FN:52,(anonymous_2)
FN:55,(anonymous_3)
FN:64,(anonymous_4)
FN:68,(anonymous_5)
FN:74,(anonymous_6)
FN:78,refreshWidget
FN:85,onConfigSubmitted
FN:89,(anonymous_9)
FN:93,(anonymous_10)
FN:98,filterForecastByMode
FN:103,(anonymous_12)
FN:113,(anonymous_13)
FN:117,(anonymous_14)
FN:125,selectTodayForecast
FN:129,selectTomorrowForecast
FN:133,selectWeekForecast
FN:203,(anonymous_18)
FN:217,(anonymous_19)
FN:223,(anonymous_20)
FN:234,(anonymous_21)
FNF:22
FNH:19
FNDA:52,WeatherWidget
FNDA:17,fetchDataFromWeatherApi
FNDA:9,(anonymous_2)
FNDA:0,(anonymous_3)
FNDA:9,(anonymous_4)
FNDA:0,(anonymous_5)
FNDA:10,(anonymous_6)
FNDA:7,refreshWidget
FNDA:3,onConfigSubmitted
FNDA:3,(anonymous_9)
FNDA:0,(anonymous_10)
FNDA:52,filterForecastByMode
FNDA:320,(anonymous_12)
FNDA:320,(anonymous_13)
FNDA:1440,(anonymous_14)
FNDA:2,selectTodayForecast
FNDA:2,selectTomorrowForecast
FNDA:2,selectWeekForecast
FNDA:73,(anonymous_18)
FNDA:73,(anonymous_19)
FNDA:73,(anonymous_20)
FNDA:73,(anonymous_21)
DA:33,52
DA:34,52
DA:35,52
DA:36,52
DA:38,52
DA:39,52
DA:40,52
DA:41,52
DA:42,52
DA:45,17
DA:46,9
DA:53,9
DA:56,0
DA:58,9
DA:65,9
DA:66,9
DA:69,0
DA:74,52
DA:75,10
DA:79,7
DA:80,7
DA:81,7
DA:82,7
DA:86,3
DA:90,3
DA:91,3
DA:94,0
DA:99,52
DA:100,52
DA:102,8
DA:104,320
DA:108,320
DA:113,320
DA:117,1440
DA:121,0
DA:126,2
DA:130,2
DA:134,2
DA:137,52
DA:140,52
DA:204,73
DA:205,63
DA:207,10
DA:217,73
DA:223,73
DA:235,73
DA:247,52
LF:47
LH:43
BRDA:45,0,0,9
BRDA:45,0,1,8
BRDA:99,1,0,52
BRDA:99,1,1,0
BRDA:99,2,0,52
BRDA:99,2,1,52
BRDA:100,3,0,8
BRDA:100,3,1,8
BRDA:100,3,2,36
BRDA:100,3,3,36
BRDA:113,4,0,320
BRDA:113,4,1,64
BRDA:117,5,0,1440
BRDA:117,5,1,276
BRDA:141,6,0,52
BRDA:141,6,1,13
BRDA:141,6,2,13
BRDA:141,6,3,3
BRDA:187,7,0,52
BRDA:187,7,1,13
BRDA:187,7,2,13
BRDA:192,8,0,9
BRDA:192,8,1,4
BRDA:193,9,0,2
BRDA:193,9,1,11
BRDA:194,10,0,2
BRDA:194,10,1,11
BRDA:204,11,0,63
BRDA:204,11,1,10
BRDA:204,12,0,73
BRDA:204,12,1,22
BRDA:231,13,0,13
BRDA:231,13,1,13
BRDA:231,13,2,13
BRF:34
BRH:33
end_of_record
TN:
SF:src\widgets\weather\emptyWidget\EmptyWeatherWidget.tsx
FN:10,EmptyWeatherWidget
FN:12,(anonymous_1)
FN:14,(anonymous_2)
FNF:3
FNH:3
FNDA:22,EmptyWeatherWidget
FNDA:15,(anonymous_1)
FNDA:3,(anonymous_2)
DA:11,22
DA:12,22
DA:13,15
DA:14,22
DA:15,3
DA:18,22
LF:6
LH:6
BRDA:11,0,0,22
BRDA:11,0,1,18
BRDA:32,1,0,22
BRDA:32,1,1,19
BRF:4
BRH:4
end_of_record
TN:
SF:src\widgets\weather\forecast\Forecast.tsx
FN:9,(anonymous_0)
FNF:1
FNH:1
FNDA:78,(anonymous_0)
DA:9,22
DA:10,78
LF:2
LH:2
BRF:0
BRH:0
end_of_record
